warning: No objective in listOfObjectives
error: No objective coefficients in model. Unclear what should be optimized
error: 'P_ubiquinol-9_biosynthesis' is not a valid SBML 'SId'.
error: 'P_ubiquinone_and_other_terpenoid-quinone_biosynthesis' is not a valid SBML 'SId'.
error: 'P_n-acetylglucosamine_degradation' is not a valid SBML 'SId'.
error: 'P_n-glycan_biosynthesis' is not a valid SBML 'SId'.
error: 'P_n-glycan_degradation' is not a valid SBML 'SId'.
warning: http://identifiers.org/pw/ does not conform to 'http(s)://identifiers.org/collection/id' or'http(s)://identifiers.org/COLLECTION:id
error: 'P_acetyl-coa_conversions' is not a valid SBML 'SId'.
error: 'P_straight-chain_fatty_acid_synthesis' is not a valid SBML 'SId'.
error: 'P_branched-chain_fatty_acid_synthesis' is not a valid SBML 'SId'.
error: 'P_gamma-glutamyl_cycle' is not a valid SBML 'SId'.
error: 'P_alanine,_aspartate_and_glutamate_metabolism' is not a valid SBML 'SId'.
error: 'P_glycine,_serine_and_threonine_metabolism' is not a valid SBML 'SId'.
error: 'P_valine,_leucine_and_isoleucine_degradation' is not a valid SBML 'SId'.
error: 'P_aminoacyl-trna_biosynthesis' is not a valid SBML 'SId'.
error: 'P_beta-alanine_metabolism' is not a valid SBML 'SId'.
error: 'P_iron-sulfur_cluster_biosynthesis' is not a valid SBML 'SId'.
error: 'P_core_modifications_of_n-glycans' is not a valid SBML 'SId'.
error: 'P_o-glycan_synthesis' is not a valid SBML 'SId'.
error: 'P_glycoaminoglycan-protein_linkage_region_biosynthesis' is not a valid SBML 'SId'.
error: 'P_vacenic_acid_beta-oxidation' is not a valid SBML 'SId'.
error: 'P_palmitoleic_acid_beta-oxidation' is not a valid SBML 'SId'.
error: 'P_oleic_acid_beta-oxidation' is not a valid SBML 'SId'.
error: 'P_linoleic_acid_beta-oxidation' is not a valid SBML 'SId'.
error: 'P_fatty_acid_beta-oxidation_(odd,_iso_chain,_peroxisomal)' is not a valid SBML 'SId'.
error: 'P_fatty_acid_beta-oxidation_(mitochondria)' is not a valid SBML 'SId'.
error: 'P_fatty_acid_beta-oxidation_(even,_straight_chain,peroxisomal)' is not a valid SBML 'SId'.
error: 'P_fatty_acid_biosynthesis_(odd,_iso_chain,_cytosolic)' is not a valid SBML 'SId'.
error: 'P_fatty_acid_biosynthesis_(odd,_iso_chain,_mitochondrial)' is not a valid SBML 'SId'.
error: 'P_fatty_acid_biosynthesis_(even,_straight_chain,_cytosolic)' is not a valid SBML 'SId'.
error: 'P_ascaroside_beta-oxidation_(even,_straight_chain,_ascr,_peroxisomal)' is not a valid SBML 'SId'.
error: 'P_ascaroside_beta-oxidation_(odd,_straight_chain,_oscr,_peroxisomal)' is not a valid SBML 'SId'.
error: 'P_fatty_acid_biosynthesis_(odd,_iso_chain,_cytosolic),_fatty_acid_biosynthesis_(even,_straight_chain,_cytosolic)' is not a valid SBML 'SId'.
error: 'P_fatty_acid_elongation_and_desaturation_(odd,_iso_chain,_endoplasmic_reticulum)' is not a valid SBML 'SId'.
error: 'P_fatty_acid_elongation_and_desaturation_(even,_straight_chain,_endoplasmic_reticulum)' is not a valid SBML 'SId'.
error: 'P_acyl-coa_conversion_(mitochondrial)' is not a valid SBML 'SId'.
error: 'P_fatty_acid_biosynthesis_(even,_straight_chain,_mitochondrial)' is not a valid SBML 'SId'.
error: 'P_ascaroside_beta-oxidation_(even,_straight_chain,_oscr,_peroxisomal)' is not a valid SBML 'SId'.
error: 'P_fatty_acid_beta-oxidation_(even,_straight_chain,_mitochondrial)' is not a valid SBML 'SId'.
error: 'P_ascaroside_beta-oxidation_(odd,_straight_chain,_ascr,_peroxisomal)' is not a valid SBML 'SId'.
error: 'P_acyl-coa_synthetase_(er)' is not a valid SBML 'SId'.
============================= test session starts ==============================
platform linux -- Python 3.7.1, pytest-4.3.1, py-1.7.0, pluggy-0.8.0
rootdir: /home/travis, inifile:
collected 199 items

../../../virtualenv/python3.7.1/lib/python3.7/site-packages/memote/suite/tests/test_annotation.py F [  0%]
F.FFFFFFFFFFFFFFFFFFFFFFFFFFFFFFFFFFF.FFFFFFFFFFFFFFFFFFFFFFFF..         [ 32%]
../../../virtualenv/python3.7.1/lib/python3.7/site-packages/memote/suite/tests/test_basic.py . [ 33%]
.....FF..FFFFFF......F                                                   [ 44%]
../../../virtualenv/python3.7.1/lib/python3.7/site-packages/memote/suite/tests/test_biomass.py . [ 44%]
FFFFFFF................F.FFF..F.FFFFFFFFFF.FF..F.FFFFFFFFFFFFFF          [ 76%]
../../../virtualenv/python3.7.1/lib/python3.7/site-packages/memote/suite/tests/test_consistency.py F [ 76%]
ssssssssssssssssFFFFFFFFFF                                               [ 89%]
../../../virtualenv/python3.7.1/lib/python3.7/site-packages/memote/suite/tests/test_essentiality.py s [ 90%]
                                                                         [ 90%]
../../../virtualenv/python3.7.1/lib/python3.7/site-packages/memote/suite/tests/test_growth.py s [ 90%]
                                                                         [ 90%]
../../../virtualenv/python3.7.1/lib/python3.7/site-packages/memote/suite/tests/test_matrix.py . [ 91%]
...                                                                      [ 92%]
../../../virtualenv/python3.7.1/lib/python3.7/site-packages/memote/suite/tests/test_sbml.py . [ 93%]
.                                                                        [ 93%]
../../../virtualenv/python3.7.1/lib/python3.7/site-packages/memote/suite/tests/test_sbo.py . [ 94%]
..FF.....F                                                               [ 99%]
../../../virtualenv/python3.7.1/lib/python3.7/site-packages/memote/suite/tests/test_thermodynamics.py F [100%]

=============================== warnings summary ===============================
/home/travis/virtualenv/python3.7.1/lib/python3.7/site-packages/nltk/decorators.py:68
  /home/travis/virtualenv/python3.7.1/lib/python3.7/site-packages/nltk/decorators.py:68 [1;31mDeprecationWarning[0m: `formatargspec` is deprecated since Python 3.5. Use `signature` and the `Signature` object directly

virtualenv/python3.7.1/lib/python3.7/site-packages/memote/suite/tests/test_basic.py::test_find_pure_metabolic_reactions
virtualenv/python3.7.1/lib/python3.7/site-packages/memote/suite/tests/test_basic.py::test_find_constrained_pure_metabolic_reactions
virtualenv/python3.7.1/lib/python3.7/site-packages/memote/suite/tests/test_basic.py::test_find_transport_reactions
virtualenv/python3.7.1/lib/python3.7/site-packages/memote/suite/tests/test_basic.py::test_find_constrained_transport_reactions
virtualenv/python3.7.1/lib/python3.7/site-packages/memote/suite/tests/test_basic.py::test_transport_reaction_gpr_presence
virtualenv/python3.7.1/lib/python3.7/site-packages/memote/suite/tests/test_biomass.py::test_direct_metabolites_in_biomass[Riboflavin_transport]
virtualenv/python3.7.1/lib/python3.7/site-packages/memote/suite/tests/test_biomass.py::test_direct_metabolites_in_biomass[Riboflavin_Exchange_reactions_e]
virtualenv/python3.7.1/lib/python3.7/site-packages/memote/suite/tests/test_biomass.py::test_direct_metabolites_in_biomass[deoxynucbiomass_n]
virtualenv/python3.7.1/lib/python3.7/site-packages/memote/suite/tests/test_biomass.py::test_direct_metabolites_in_biomass[Biomass2]
virtualenv/python3.7.1/lib/python3.7/site-packages/memote/suite/tests/test_biomass.py::test_direct_metabolites_in_biomass[nucbiomass_m]
virtualenv/python3.7.1/lib/python3.7/site-packages/memote/suite/tests/test_biomass.py::test_direct_metabolites_in_biomass[deoxynucbiomass_m]
virtualenv/python3.7.1/lib/python3.7/site-packages/memote/suite/tests/test_biomass.py::test_direct_metabolites_in_biomass[nucbiomass_n]
virtualenv/python3.7.1/lib/python3.7/site-packages/memote/suite/tests/test_consistency.py::test_reaction_mass_balance
virtualenv/python3.7.1/lib/python3.7/site-packages/memote/suite/tests/test_sbo.py::test_metabolic_reaction_specific_sbo_presence
virtualenv/python3.7.1/lib/python3.7/site-packages/memote/suite/tests/test_sbo.py::test_transport_reaction_specific_sbo_presence
virtualenv/python3.7.1/lib/python3.7/site-packages/memote/suite/tests/test_thermodynamics.py::test_find_candidate_irreversible_reactions
  cobra/core/metabolite.py:89 [1;31mUserWarning[0m: invalid formula (has parenthesis) in 'C2H4NO2R(C2H2NOR)n'

virtualenv/python3.7.1/lib/python3.7/site-packages/memote/suite/tests/test_consistency.py::test_reaction_mass_balance
  cobra/core/metabolite.py:89 [1;31mUserWarning[0m: invalid formula (has parenthesis) in 'C26H39N5O6SR4(C2H2NOR)n'

virtualenv/python3.7.1/lib/python3.7/site-packages/memote/suite/tests/test_consistency.py::test_reaction_mass_balance
  cobra/core/metabolite.py:89 [1;31mUserWarning[0m: invalid formula (has parenthesis) in 'C20H36O(C5H8)n'

virtualenv/python3.7.1/lib/python3.7/site-packages/memote/suite/tests/test_consistency.py::test_reaction_mass_balance
  cobra/core/metabolite.py:89 [1;31mUserWarning[0m: invalid formula (has parenthesis) in '(C8H13NO5)n'

virtualenv/python3.7.1/lib/python3.7/site-packages/memote/suite/tests/test_consistency.py::test_reaction_mass_balance
  cobra/core/metabolite.py:89 [1;31mUserWarning[0m: invalid formula (has parenthesis) in '(C6H10O5)12R'

virtualenv/python3.7.1/lib/python3.7/site-packages/memote/suite/tests/test_consistency.py::test_reaction_mass_balance
  cobra/core/metabolite.py:89 [1;31mUserWarning[0m: invalid formula (has parenthesis) in '(C6H10O5)8R'

virtualenv/python3.7.1/lib/python3.7/site-packages/memote/suite/tests/test_consistency.py::test_reaction_mass_balance
  cobra/core/metabolite.py:89 [1;31mUserWarning[0m: invalid formula (has parenthesis) in 'C14H18O4(C5H8)n'

virtualenv/python3.7.1/lib/python3.7/site-packages/memote/suite/tests/test_consistency.py::test_reaction_mass_balance
  cobra/core/metabolite.py:89 [1;31mUserWarning[0m: invalid formula (has parenthesis) in 'C14H20O4(C5H8)n'

virtualenv/python3.7.1/lib/python3.7/site-packages/memote/suite/tests/test_consistency.py::test_reaction_mass_balance
  cobra/core/metabolite.py:89 [1;31mUserWarning[0m: invalid formula (has parenthesis) in 'C20H37O4P(C5H8)n'

virtualenv/python3.7.1/lib/python3.7/site-packages/memote/suite/tests/test_consistency.py::test_reaction_mass_balance
  cobra/core/metabolite.py:89 [1;31mUserWarning[0m: invalid formula (has parenthesis) in 'C36H64N2O17P2(C5H8)n'

virtualenv/python3.7.1/lib/python3.7/site-packages/memote/suite/tests/test_consistency.py::test_reaction_mass_balance
  cobra/core/metabolite.py:89 [1;31mUserWarning[0m: invalid formula (has parenthesis) in '(C5H8)n.C28H49NO12P2'

virtualenv/python3.7.1/lib/python3.7/site-packages/memote/suite/tests/test_consistency.py::test_reaction_mass_balance
  cobra/core/metabolite.py:89 [1;31mUserWarning[0m: invalid formula (has parenthesis) in 'C13H22NO11PR2(C5H8O6PR)n'

virtualenv/python3.7.1/lib/python3.7/site-packages/memote/suite/tests/test_consistency.py::test_reaction_mass_balance
  cobra/core/metabolite.py:89 [1;31mUserWarning[0m: invalid formula (has parenthesis) in 'C20H36O7P2(C5H8)n'

virtualenv/python3.7.1/lib/python3.7/site-packages/memote/suite/tests/test_consistency.py::test_reaction_mass_balance
  cobra/core/metabolite.py:89 [1;31mUserWarning[0m: invalid formula (has parenthesis) in 'C20H33N2O3SR(C2H2NOR)n'

virtualenv/python3.7.1/lib/python3.7/site-packages/memote/suite/tests/test_consistency.py::test_reaction_mass_balance
  cobra/core/metabolite.py:89 [1;31mUserWarning[0m: invalid formula (has parenthesis) in 'C20H38O7P2(C5H8)n'

virtualenv/python3.7.1/lib/python3.7/site-packages/memote/suite/tests/test_consistency.py::test_reaction_mass_balance
  cobra/core/metabolite.py:89 [1;31mUserWarning[0m: invalid formula (has parenthesis) in 'C48H84N2O27P2(C5H8)n'

virtualenv/python3.7.1/lib/python3.7/site-packages/memote/suite/tests/test_consistency.py::test_reaction_mass_balance
  cobra/core/metabolite.py:89 [1;31mUserWarning[0m: invalid formula (has parenthesis) in 'C2H5NO2(C8H12N2O4S)n'

virtualenv/python3.7.1/lib/python3.7/site-packages/memote/suite/tests/test_consistency.py::test_reaction_mass_balance
  cobra/core/metabolite.py:89 [1;31mUserWarning[0m: invalid formula (has parenthesis) in 'C13H22NO12PR2(C5H8O6PR)n'

virtualenv/python3.7.1/lib/python3.7/site-packages/memote/suite/tests/test_consistency.py::test_reaction_mass_balance
  cobra/core/metabolite.py:89 [1;31mUserWarning[0m: invalid formula (has parenthesis) in 'C13H23NO15P2R2(C5H8O6PR)n'

virtualenv/python3.7.1/lib/python3.7/site-packages/memote/suite/tests/test_consistency.py::test_reaction_mass_balance
  cobra/core/metabolite.py:89 [1;31mUserWarning[0m: invalid formula (has parenthesis) in 'C20H28N6O13PR(C5H8O6PR)n'

virtualenv/python3.7.1/lib/python3.7/site-packages/memote/suite/tests/test_consistency.py::test_reaction_mass_balance
  cobra/core/metabolite.py:89 [1;31mUserWarning[0m: invalid formula (has parenthesis) in 'C26H47O9P(C5H8)n'

virtualenv/python3.7.1/lib/python3.7/site-packages/memote/suite/tests/test_consistency.py::test_reaction_mass_balance
  cobra/core/metabolite.py:89 [1;31mUserWarning[0m: invalid formula (has parenthesis) in '(C4H6N2O2SR2)2'

virtualenv/python3.7.1/lib/python3.7/site-packages/memote/suite/tests/test_consistency.py::test_reaction_mass_balance
  cobra/core/metabolite.py:89 [1;31mUserWarning[0m: invalid formula (has parenthesis) in 'C11H15N5O6SR4(C2H2NOR)n'

virtualenv/python3.7.1/lib/python3.7/site-packages/memote/suite/tests/test_consistency.py::test_reaction_mass_balance
  cobra/core/metabolite.py:89 [1;31mUserWarning[0m: invalid formula (has parenthesis) in '(C5H8)n.C15H25O7P2'

virtualenv/python3.7.1/lib/python3.7/site-packages/memote/suite/tests/test_consistency.py::test_reaction_mass_balance
  cobra/core/metabolite.py:89 [1;31mUserWarning[0m: invalid formula (has parenthesis) in 'C20H34O.(C5H8)n'

virtualenv/python3.7.1/lib/python3.7/site-packages/memote/suite/tests/test_consistency.py::test_reaction_mass_balance
  cobra/core/metabolite.py:89 [1;31mUserWarning[0m: invalid formula (has parenthesis) in 'C13H22NO11PSeR2(C5H8O6PR)n'

virtualenv/python3.7.1/lib/python3.7/site-packages/memote/suite/tests/test_consistency.py::test_reaction_mass_balance
  cobra/core/metabolite.py:89 [1;31mUserWarning[0m: invalid formula (has parenthesis) in 'C7H11N2O5R(C2H2NOR)n'

-- Docs: https://docs.pytest.org/en/latest/warnings.html
====== 124 failed, 57 passed, 18 skipped, 43 warnings in 1225.31 seconds =======
Writing snapshot report to 'index.html'.
